<?xml version="1.0" encoding="UTF-8"?>
<!-- Generated by org.testng.reporters.JUnitReportReporter -->
<testsuite hostname="LAPTOP-IES41P4J" failures="0" tests="1" name="TestRunner.CucumberTestRunner" time="6.665" errors="0" timestamp="2024-07-16T18:32:25 IST" skipped="0">
  <testcase classname="TestRunner.CucumberTestRunner" name="runScenario" time="6.665"/>
</testsuite> <!-- TestRunner.CucumberTestRunner -->
